# JRE version: OpenJDK Runtime Environment Temurin-17.0.11+9 (17.0.11+9) (build 17.0.11+9)
# Java VM: OpenJDK 64-Bit Server VM Temurin-17.0.11+9 (17.0.11+9, mixed mode, tiered, compressed oops, compressed class ptrs, g1 gc, windows-amd64)
GC Precious Log:
 CPUs: 8 total, 8 available
 Memory: 3863M
 Large Page Support: Disabled
 NUMA Support: Disabled
 Compressed Oops: Enabled (32-bit)
 Heap Region Size: 1M
 Heap Min Capacity: 8M
 Heap Initial Capacity: 62M
 Heap Max Capacity: 966M
 Pre-touch: Disabled
 Parallel Workers: 8
 Concurrent Workers: 2
 Concurrent Refinement Workers: 8
 Periodic GC: Disabled
Heap:
 garbage-first heap   total 61440K, used 21746K [0x00000000c3a00000, 0x0000000100000000)
  region size 1024K, 8 young (8192K), 2 survivors (2048K)
 Metaspace       used 28927K, committed 29248K, reserved 1114112K
  class space    used 3180K, committed 3328K, reserved 1048576K
GC Heap History (12 events):
Event: 2.449 GC heap before
{Heap before GC invocations=0 (full 0):
 garbage-first heap   total 63488K, used 24576K [0x00000000c3a00000, 0x0000000100000000)
  region size 1024K, 23 young (23552K), 0 survivors (0K)
 Metaspace       used 13132K, committed 13312K, reserved 1114112K
  class space    used 1271K, committed 1344K, reserved 1048576K
}
Event: 2.455 GC heap after
{Heap after GC invocations=1 (full 0):
 garbage-first heap   total 63488K, used 6101K [0x00000000c3a00000, 0x0000000100000000)
  region size 1024K, 3 young (3072K), 3 survivors (3072K)
 Metaspace       used 13132K, committed 13312K, reserved 1114112K
  class space    used 1271K, committed 1344K, reserved 1048576K
}
Event: 3.153 GC heap before
{Heap before GC invocations=1 (full 0):
 garbage-first heap   total 63488K, used 31701K [0x00000000c3a00000, 0x0000000100000000)
  region size 1024K, 28 young (28672K), 3 survivors (3072K)
 Metaspace       used 21041K, committed 21184K, reserved 1114112K
  class space    used 2174K, committed 2240K, reserved 1048576K
}
Event: 3.162 GC heap after
{Heap after GC invocations=2 (full 0):
 garbage-first heap   total 63488K, used 10052K [0x00000000c3a00000, 0x0000000100000000)
  region size 1024K, 4 young (4096K), 4 survivors (4096K)
 Metaspace       used 21041K, committed 21184K, reserved 1114112K
  class space    used 2174K, committed 2240K, reserved 1048576K
}
Event: 3.194 GC heap before
{Heap before GC invocations=2 (full 0):
 garbage-first heap   total 63488K, used 11076K [0x00000000c3a00000, 0x0000000100000000)
  region size 1024K, 6 young (6144K), 4 survivors (4096K)
 Metaspace       used 21308K, committed 21504K, reserved 1114112K
  class space    used 2191K, committed 2304K, reserved 1048576K
}
Event: 3.198 GC heap after
{Heap after GC invocations=3 (full 0):
 garbage-first heap   total 63488K, used 10624K [0x00000000c3a00000, 0x0000000100000000)
  region size 1024K, 1 young (1024K), 1 survivors (1024K)
 Metaspace       used 21308K, committed 21504K, reserved 1114112K
  class space    used 2191K, committed 2304K, reserved 1048576K
}
Event: 3.622 GC heap before
{Heap before GC invocations=4 (full 0):
 garbage-first heap   total 40960K, used 32128K [0x00000000c3a00000, 0x0000000100000000)
  region size 1024K, 23 young (23552K), 1 survivors (1024K)
 Metaspace       used 23167K, committed 23360K, reserved 1114112K
  class space    used 2395K, committed 2496K, reserved 1048576K
}
Event: 3.628 GC heap after
{Heap after GC invocations=5 (full 0):
 garbage-first heap   total 40960K, used 15415K [0x00000000c3a00000, 0x0000000100000000)
  region size 1024K, 3 young (3072K), 3 survivors (3072K)
 Metaspace       used 23167K, committed 23360K, reserved 1114112K
  class space    used 2395K, committed 2496K, reserved 1048576K
}
Event: 3.656 GC heap before
{Heap before GC invocations=5 (full 0):
 garbage-first heap   total 40960K, used 16439K [0x00000000c3a00000, 0x0000000100000000)
  region size 1024K, 4 young (4096K), 3 survivors (3072K)
 Metaspace       used 23428K, committed 23680K, reserved 1114112K
  class space    used 2435K, committed 2560K, reserved 1048576K
}
Event: 3.661 GC heap after
{Heap after GC invocations=6 (full 0):
 garbage-first heap   total 40960K, used 15866K [0x00000000c3a00000, 0x0000000100000000)
  region size 1024K, 1 young (1024K), 1 survivors (1024K)
 Metaspace       used 23428K, committed 23680K, reserved 1114112K
  class space    used 2435K, committed 2560K, reserved 1048576K
}
Event: 8.474 GC heap before
{Heap before GC invocations=6 (full 0):
 garbage-first heap   total 40960K, used 30202K [0x00000000c3a00000, 0x0000000100000000)
  region size 1024K, 15 young (15360K), 1 survivors (1024K)
 Metaspace       used 28062K, committed 28352K, reserved 1114112K
  class space    used 3072K, committed 3200K, reserved 1048576K
}
Event: 8.478 GC heap after
{Heap after GC invocations=7 (full 0):
 garbage-first heap   total 61440K, used 16626K [0x00000000c3a00000, 0x0000000100000000)
  region size 1024K, 2 young (2048K), 2 survivors (2048K)
 Metaspace       used 28062K, committed 28352K, reserved 1114112K
  class space    used 3072K, committed 3200K, reserved 1048576K
}

